[02-Sep-2025 15:58:40 Europe/Berlin] PHP Warning:  Trying to access array offset on value of type null in C:\xampp\htdocs\topupweb\login.php on line 47
[02-Sep-2025 15:58:40 Europe/Berlin] PHP Warning:  Trying to access array offset on value of type null in C:\xampp\htdocs\topupweb\login.php on line 51
[02-Sep-2025 15:58:40 Europe/Berlin] PHP Warning:  Trying to access array offset on value of type null in C:\xampp\htdocs\topupweb\login.php on line 55
[02-Sep-2025 15:58:40 Europe/Berlin] PHP Warning:  Trying to access array offset on value of type null in C:\xampp\htdocs\topupweb\login.php on line 55
[02-Sep-2025 15:58:40 Europe/Berlin] PHP Warning:  Trying to access array offset on value of type null in C:\xampp\htdocs\topupweb\login.php on line 63
[02-Sep-2025 15:58:45 Europe/Berlin] PHP Warning:  Trying to access array offset on value of type null in C:\xampp\htdocs\topupweb\login.php on line 47
[02-Sep-2025 15:58:45 Europe/Berlin] PHP Warning:  Trying to access array offset on value of type null in C:\xampp\htdocs\topupweb\login.php on line 51
[02-Sep-2025 15:58:45 Europe/Berlin] PHP Warning:  Trying to access array offset on value of type null in C:\xampp\htdocs\topupweb\login.php on line 55
[02-Sep-2025 15:58:45 Europe/Berlin] PHP Warning:  Trying to access array offset on value of type null in C:\xampp\htdocs\topupweb\login.php on line 55
[02-Sep-2025 15:58:45 Europe/Berlin] PHP Warning:  Trying to access array offset on value of type null in C:\xampp\htdocs\topupweb\login.php on line 63
[02-Sep-2025 15:58:58 Europe/Berlin] PHP Warning:  Trying to access array offset on value of type null in C:\xampp\htdocs\topupweb\login.php on line 47
[02-Sep-2025 15:58:58 Europe/Berlin] PHP Warning:  Trying to access array offset on value of type null in C:\xampp\htdocs\topupweb\login.php on line 51
[02-Sep-2025 15:58:58 Europe/Berlin] PHP Warning:  Trying to access array offset on value of type null in C:\xampp\htdocs\topupweb\login.php on line 55
[02-Sep-2025 15:58:58 Europe/Berlin] PHP Warning:  Trying to access array offset on value of type null in C:\xampp\htdocs\topupweb\login.php on line 55
[02-Sep-2025 15:58:58 Europe/Berlin] PHP Warning:  Trying to access array offset on value of type null in C:\xampp\htdocs\topupweb\login.php on line 63
[03-Sep-2025 02:25:15 Europe/Berlin] PHP Warning:  Undefined variable $rl in C:\xampp\htdocs\topupweb\login.php on line 70
[03-Sep-2025 02:25:15 Europe/Berlin] PHP Warning:  Trying to access array offset on value of type null in C:\xampp\htdocs\topupweb\login.php on line 70
[03-Sep-2025 02:42:45 Europe/Berlin] PHP Warning:  Undefined variable $rl in C:\xampp\htdocs\topupweb\login.php on line 70
[03-Sep-2025 02:42:45 Europe/Berlin] PHP Warning:  Trying to access array offset on value of type null in C:\xampp\htdocs\topupweb\login.php on line 70
[03-Sep-2025 05:30:50 Europe/Berlin] PHP Warning:  Undefined variable $rl in C:\xampp\htdocs\topupweb\login.php on line 70
[03-Sep-2025 05:30:50 Europe/Berlin] PHP Warning:  Trying to access array offset on value of type null in C:\xampp\htdocs\topupweb\login.php on line 70
[03-Sep-2025 05:31:45 Europe/Berlin] PHP Warning:  Undefined variable $rl in C:\xampp\htdocs\topupweb\login.php on line 70
[03-Sep-2025 05:31:45 Europe/Berlin] PHP Warning:  Trying to access array offset on value of type null in C:\xampp\htdocs\topupweb\login.php on line 70
[03-Sep-2025 05:48:28 Europe/Berlin] PHP Warning:  Undefined array key "users_nama" in C:\xampp\htdocs\topupweb\index.php on line 7
[03-Sep-2025 05:48:52 Europe/Berlin] PHP Warning:  Undefined array key "users_nama" in C:\xampp\htdocs\topupweb\index.php on line 7
[03-Sep-2025 05:48:54 Europe/Berlin] PHP Warning:  Undefined array key "users_nama" in C:\xampp\htdocs\topupweb\index.php on line 7
[03-Sep-2025 05:49:02 Europe/Berlin] PHP Warning:  Undefined array key "users_nama" in C:\xampp\htdocs\topupweb\index.php on line 7
[03-Sep-2025 05:49:14 Europe/Berlin] PHP Warning:  Undefined array key "users_nama" in C:\xampp\htdocs\topupweb\index.php on line 7
[03-Sep-2025 07:39:48 Europe/Berlin] PHP Warning:  Trying to access array offset on value of type int in C:\xampp\htdocs\topupweb\login.php on line 70
[03-Sep-2025 07:40:26 Europe/Berlin] PHP Warning:  Trying to access array offset on value of type int in C:\xampp\htdocs\topupweb\login.php on line 70
[03-Sep-2025 07:40:53 Europe/Berlin] PHP Warning:  Trying to access array offset on value of type int in C:\xampp\htdocs\topupweb\login.php on line 70
[03-Sep-2025 08:21:23 Europe/Berlin] PHP Fatal error:  Uncaught TypeError: Cannot access offset of type string on string in C:\xampp\htdocs\topupweb\login.php:72
Stack trace:
#0 {main}
  thrown in C:\xampp\htdocs\topupweb\login.php on line 72
[03-Sep-2025 08:22:03 Europe/Berlin] PHP Fatal error:  Uncaught TypeError: Cannot access offset of type string on string in C:\xampp\htdocs\topupweb\login.php:69
Stack trace:
#0 {main}
  thrown in C:\xampp\htdocs\topupweb\login.php on line 69
[03-Sep-2025 08:22:30 Europe/Berlin] PHP Fatal error:  Uncaught TypeError: Cannot access offset of type string on string in C:\xampp\htdocs\topupweb\login.php:69
Stack trace:
#0 {main}
  thrown in C:\xampp\htdocs\topupweb\login.php on line 69
[04-Sep-2025 14:28:58 Europe/Berlin] PHP Fatal error:  Uncaught TypeError: Cannot access offset of type string on string in C:\xampp\htdocs\topupweb\login.php:69
Stack trace:
#0 {main}
  thrown in C:\xampp\htdocs\topupweb\login.php on line 69
[04-Sep-2025 14:29:05 Europe/Berlin] PHP Fatal error:  Uncaught TypeError: Cannot access offset of type string on string in C:\xampp\htdocs\topupweb\login.php:69
Stack trace:
#0 {main}
  thrown in C:\xampp\htdocs\topupweb\login.php on line 69
[04-Sep-2025 14:29:43 Europe/Berlin] PHP Warning:  Trying to access array offset on value of type int in C:\xampp\htdocs\topupweb\login.php on line 69
[17-Sep-2025 15:46:14 Europe/Berlin] PHP Warning:  Undefined array key "user" in C:\xampp\htdocs\topupweb\profile.php on line 21
[17-Sep-2025 15:47:00 Europe/Berlin] PHP Warning:  Undefined array key "user" in C:\xampp\htdocs\topupweb\profile.php on line 21
[17-Sep-2025 15:52:24 Europe/Berlin] PHP Warning:  Undefined array key "user_id" in C:\xampp\htdocs\topupweb\profile.php on line 21
[17-Sep-2025 15:52:53 Europe/Berlin] PHP Warning:  Undefined array key "user_id" in C:\xampp\htdocs\topupweb\profile.php on line 21
[17-Sep-2025 15:52:53 Europe/Berlin] PHP Warning:  Trying to access array offset on value of type null in C:\xampp\htdocs\topupweb\profile.php on line 194
[17-Sep-2025 15:52:53 Europe/Berlin] PHP Warning:  Trying to access array offset on value of type null in C:\xampp\htdocs\topupweb\profile.php on line 208
[17-Sep-2025 15:52:53 Europe/Berlin] PHP Warning:  Trying to access array offset on value of type null in C:\xampp\htdocs\topupweb\profile.php on line 210
[17-Sep-2025 15:52:53 Europe/Berlin] PHP Deprecated:  htmlspecialchars(): Passing null to parameter #1 ($string) of type string is deprecated in C:\xampp\htdocs\topupweb\profile.php on line 210
[17-Sep-2025 15:52:53 Europe/Berlin] PHP Warning:  Trying to access array offset on value of type null in C:\xampp\htdocs\topupweb\profile.php on line 211
[17-Sep-2025 15:52:53 Europe/Berlin] PHP Deprecated:  htmlspecialchars(): Passing null to parameter #1 ($string) of type string is deprecated in C:\xampp\htdocs\topupweb\profile.php on line 211
[17-Sep-2025 15:52:53 Europe/Berlin] PHP Warning:  Trying to access array offset on value of type null in C:\xampp\htdocs\topupweb\profile.php on line 212
[17-Sep-2025 15:52:53 Europe/Berlin] PHP Warning:  Trying to access array offset on value of type null in C:\xampp\htdocs\topupweb\profile.php on line 214
[17-Sep-2025 15:52:53 Europe/Berlin] PHP Warning:  Trying to access array offset on value of type null in C:\xampp\htdocs\topupweb\profile.php on line 214
[17-Sep-2025 15:52:53 Europe/Berlin] PHP Deprecated:  htmlspecialchars(): Passing null to parameter #1 ($string) of type string is deprecated in C:\xampp\htdocs\topupweb\profile.php on line 214
[17-Sep-2025 15:52:53 Europe/Berlin] PHP Warning:  Trying to access array offset on value of type null in C:\xampp\htdocs\topupweb\profile.php on line 215
[17-Sep-2025 15:52:53 Europe/Berlin] PHP Warning:  Trying to access array offset on value of type null in C:\xampp\htdocs\topupweb\profile.php on line 215
[17-Sep-2025 15:52:53 Europe/Berlin] PHP Deprecated:  htmlspecialchars(): Passing null to parameter #1 ($string) of type string is deprecated in C:\xampp\htdocs\topupweb\profile.php on line 215
[17-Sep-2025 15:52:53 Europe/Berlin] PHP Warning:  Trying to access array offset on value of type null in C:\xampp\htdocs\topupweb\profile.php on line 217
[17-Sep-2025 15:52:53 Europe/Berlin] PHP Warning:  Trying to access array offset on value of type null in C:\xampp\htdocs\topupweb\profile.php on line 218
[17-Sep-2025 15:52:53 Europe/Berlin] PHP Deprecated:  htmlspecialchars(): Passing null to parameter #1 ($string) of type string is deprecated in C:\xampp\htdocs\topupweb\profile.php on line 218
[17-Sep-2025 15:52:53 Europe/Berlin] PHP Warning:  Trying to access array offset on value of type null in C:\xampp\htdocs\topupweb\profile.php on line 225
[17-Sep-2025 15:52:53 Europe/Berlin] PHP Warning:  Trying to access array offset on value of type null in C:\xampp\htdocs\topupweb\profile.php on line 226
[17-Sep-2025 15:52:53 Europe/Berlin] PHP Deprecated:  htmlspecialchars(): Passing null to parameter #1 ($string) of type string is deprecated in C:\xampp\htdocs\topupweb\profile.php on line 226
[17-Sep-2025 15:52:53 Europe/Berlin] PHP Warning:  Trying to access array offset on value of type null in C:\xampp\htdocs\topupweb\profile.php on line 227
[17-Sep-2025 15:52:53 Europe/Berlin] PHP Warning:  Trying to access array offset on value of type null in C:\xampp\htdocs\topupweb\profile.php on line 241
[17-Sep-2025 15:52:53 Europe/Berlin] PHP Deprecated:  htmlspecialchars(): Passing null to parameter #1 ($string) of type string is deprecated in C:\xampp\htdocs\topupweb\profile.php on line 241
[17-Sep-2025 15:52:53 Europe/Berlin] PHP Warning:  Trying to access array offset on value of type null in C:\xampp\htdocs\topupweb\profile.php on line 245
[17-Sep-2025 15:52:53 Europe/Berlin] PHP Deprecated:  htmlspecialchars(): Passing null to parameter #1 ($string) of type string is deprecated in C:\xampp\htdocs\topupweb\profile.php on line 245
[17-Sep-2025 15:52:53 Europe/Berlin] PHP Warning:  Trying to access array offset on value of type null in C:\xampp\htdocs\topupweb\profile.php on line 249
[17-Sep-2025 15:52:53 Europe/Berlin] PHP Deprecated:  htmlspecialchars(): Passing null to parameter #1 ($string) of type string is deprecated in C:\xampp\htdocs\topupweb\profile.php on line 249
[17-Sep-2025 15:53:06 Europe/Berlin] PHP Warning:  Undefined array key "user_id" in C:\xampp\htdocs\topupweb\profile.php on line 21
[17-Sep-2025 15:53:06 Europe/Berlin] PHP Warning:  Trying to access array offset on value of type null in C:\xampp\htdocs\topupweb\profile.php on line 194
[17-Sep-2025 15:53:06 Europe/Berlin] PHP Warning:  Trying to access array offset on value of type null in C:\xampp\htdocs\topupweb\profile.php on line 208
[17-Sep-2025 15:53:06 Europe/Berlin] PHP Warning:  Trying to access array offset on value of type null in C:\xampp\htdocs\topupweb\profile.php on line 210
[17-Sep-2025 15:53:06 Europe/Berlin] PHP Deprecated:  htmlspecialchars(): Passing null to parameter #1 ($string) of type string is deprecated in C:\xampp\htdocs\topupweb\profile.php on line 210
[17-Sep-2025 15:53:06 Europe/Berlin] PHP Warning:  Trying to access array offset on value of type null in C:\xampp\htdocs\topupweb\profile.php on line 211
[17-Sep-2025 15:53:06 Europe/Berlin] PHP Deprecated:  htmlspecialchars(): Passing null to parameter #1 ($string) of type string is deprecated in C:\xampp\htdocs\topupweb\profile.php on line 211
[17-Sep-2025 15:53:06 Europe/Berlin] PHP Warning:  Trying to access array offset on value of type null in C:\xampp\htdocs\topupweb\profile.php on line 212
[17-Sep-2025 15:53:06 Europe/Berlin] PHP Warning:  Trying to access array offset on value of type null in C:\xampp\htdocs\topupweb\profile.php on line 214
[17-Sep-2025 15:53:06 Europe/Berlin] PHP Warning:  Trying to access array offset on value of type null in C:\xampp\htdocs\topupweb\profile.php on line 214
[17-Sep-2025 15:53:06 Europe/Berlin] PHP Deprecated:  htmlspecialchars(): Passing null to parameter #1 ($string) of type string is deprecated in C:\xampp\htdocs\topupweb\profile.php on line 214
[17-Sep-2025 15:53:06 Europe/Berlin] PHP Warning:  Trying to access array offset on value of type null in C:\xampp\htdocs\topupweb\profile.php on line 215
[17-Sep-2025 15:53:06 Europe/Berlin] PHP Warning:  Trying to access array offset on value of type null in C:\xampp\htdocs\topupweb\profile.php on line 215
[17-Sep-2025 15:53:06 Europe/Berlin] PHP Deprecated:  htmlspecialchars(): Passing null to parameter #1 ($string) of type string is deprecated in C:\xampp\htdocs\topupweb\profile.php on line 215
[17-Sep-2025 15:53:06 Europe/Berlin] PHP Warning:  Trying to access array offset on value of type null in C:\xampp\htdocs\topupweb\profile.php on line 217
[17-Sep-2025 15:53:06 Europe/Berlin] PHP Warning:  Trying to access array offset on value of type null in C:\xampp\htdocs\topupweb\profile.php on line 218
[17-Sep-2025 15:53:06 Europe/Berlin] PHP Deprecated:  htmlspecialchars(): Passing null to parameter #1 ($string) of type string is deprecated in C:\xampp\htdocs\topupweb\profile.php on line 218
[17-Sep-2025 15:53:06 Europe/Berlin] PHP Warning:  Trying to access array offset on value of type null in C:\xampp\htdocs\topupweb\profile.php on line 225
[17-Sep-2025 15:53:06 Europe/Berlin] PHP Warning:  Trying to access array offset on value of type null in C:\xampp\htdocs\topupweb\profile.php on line 226
[17-Sep-2025 15:53:06 Europe/Berlin] PHP Deprecated:  htmlspecialchars(): Passing null to parameter #1 ($string) of type string is deprecated in C:\xampp\htdocs\topupweb\profile.php on line 226
[17-Sep-2025 15:53:06 Europe/Berlin] PHP Warning:  Trying to access array offset on value of type null in C:\xampp\htdocs\topupweb\profile.php on line 227
[17-Sep-2025 15:53:06 Europe/Berlin] PHP Warning:  Trying to access array offset on value of type null in C:\xampp\htdocs\topupweb\profile.php on line 241
[17-Sep-2025 15:53:06 Europe/Berlin] PHP Deprecated:  htmlspecialchars(): Passing null to parameter #1 ($string) of type string is deprecated in C:\xampp\htdocs\topupweb\profile.php on line 241
[17-Sep-2025 15:53:06 Europe/Berlin] PHP Warning:  Trying to access array offset on value of type null in C:\xampp\htdocs\topupweb\profile.php on line 245
[17-Sep-2025 15:53:06 Europe/Berlin] PHP Deprecated:  htmlspecialchars(): Passing null to parameter #1 ($string) of type string is deprecated in C:\xampp\htdocs\topupweb\profile.php on line 245
[17-Sep-2025 15:53:06 Europe/Berlin] PHP Warning:  Trying to access array offset on value of type null in C:\xampp\htdocs\topupweb\profile.php on line 249
[17-Sep-2025 15:53:06 Europe/Berlin] PHP Deprecated:  htmlspecialchars(): Passing null to parameter #1 ($string) of type string is deprecated in C:\xampp\htdocs\topupweb\profile.php on line 249
[17-Sep-2025 15:54:07 Europe/Berlin] PHP Warning:  Undefined array key "user_id" in C:\xampp\htdocs\topupweb\profile.php on line 21
[17-Sep-2025 15:54:07 Europe/Berlin] PHP Warning:  Undefined variable $pdo in C:\xampp\htdocs\topupweb\profile.php on line 25
[17-Sep-2025 15:54:07 Europe/Berlin] PHP Fatal error:  Uncaught Error: Call to a member function prepare() on null in C:\xampp\htdocs\topupweb\profile.php:25
Stack trace:
#0 {main}
  thrown in C:\xampp\htdocs\topupweb\profile.php on line 25
[17-Sep-2025 15:54:11 Europe/Berlin] PHP Warning:  Undefined array key "user_id" in C:\xampp\htdocs\topupweb\profile.php on line 21
[17-Sep-2025 15:54:11 Europe/Berlin] PHP Warning:  Undefined variable $pdo in C:\xampp\htdocs\topupweb\profile.php on line 25
[17-Sep-2025 15:54:11 Europe/Berlin] PHP Fatal error:  Uncaught Error: Call to a member function prepare() on null in C:\xampp\htdocs\topupweb\profile.php:25
Stack trace:
#0 {main}
  thrown in C:\xampp\htdocs\topupweb\profile.php on line 25
[17-Sep-2025 15:54:44 Europe/Berlin] PHP Warning:  Undefined array key "user_id" in C:\xampp\htdocs\topupweb\profile.php on line 21
[17-Sep-2025 15:54:44 Europe/Berlin] PHP Fatal error:  Uncaught Error: Call to a member function prepare() on null in C:\xampp\htdocs\topupweb\profile.php:25
Stack trace:
#0 {main}
  thrown in C:\xampp\htdocs\topupweb\profile.php on line 25
[17-Sep-2025 15:54:45 Europe/Berlin] PHP Warning:  Undefined array key "user_id" in C:\xampp\htdocs\topupweb\profile.php on line 21
[17-Sep-2025 15:54:45 Europe/Berlin] PHP Fatal error:  Uncaught Error: Call to a member function prepare() on null in C:\xampp\htdocs\topupweb\profile.php:25
Stack trace:
#0 {main}
  thrown in C:\xampp\htdocs\topupweb\profile.php on line 25
[17-Sep-2025 15:54:47 Europe/Berlin] PHP Warning:  Undefined array key "user_id" in C:\xampp\htdocs\topupweb\profile.php on line 21
[17-Sep-2025 15:54:47 Europe/Berlin] PHP Fatal error:  Uncaught Error: Call to a member function prepare() on null in C:\xampp\htdocs\topupweb\profile.php:25
Stack trace:
#0 {main}
  thrown in C:\xampp\htdocs\topupweb\profile.php on line 25
[17-Sep-2025 15:54:49 Europe/Berlin] PHP Warning:  Undefined array key "user_id" in C:\xampp\htdocs\topupweb\profile.php on line 21
[17-Sep-2025 15:54:49 Europe/Berlin] PHP Fatal error:  Uncaught Error: Call to a member function prepare() on null in C:\xampp\htdocs\topupweb\profile.php:25
Stack trace:
#0 {main}
  thrown in C:\xampp\htdocs\topupweb\profile.php on line 25
[17-Sep-2025 15:54:49 Europe/Berlin] PHP Warning:  Undefined array key "user_id" in C:\xampp\htdocs\topupweb\profile.php on line 21
[17-Sep-2025 15:54:49 Europe/Berlin] PHP Fatal error:  Uncaught Error: Call to a member function prepare() on null in C:\xampp\htdocs\topupweb\profile.php:25
Stack trace:
#0 {main}
  thrown in C:\xampp\htdocs\topupweb\profile.php on line 25
[17-Sep-2025 15:54:49 Europe/Berlin] PHP Warning:  Undefined array key "user_id" in C:\xampp\htdocs\topupweb\profile.php on line 21
[17-Sep-2025 15:54:49 Europe/Berlin] PHP Fatal error:  Uncaught Error: Call to a member function prepare() on null in C:\xampp\htdocs\topupweb\profile.php:25
Stack trace:
#0 {main}
  thrown in C:\xampp\htdocs\topupweb\profile.php on line 25
[17-Sep-2025 15:54:59 Europe/Berlin] PHP Warning:  Undefined array key "user_id" in C:\xampp\htdocs\topupweb\profile.php on line 21
[17-Sep-2025 15:56:06 Europe/Berlin] PHP Warning:  Undefined array key "user_id" in C:\xampp\htdocs\topupweb\profile.php on line 21
[18-Sep-2025 07:20:29 Europe/Berlin] PHP Fatal error:  Uncaught mysqli_sql_exception: You have an error in your SQL syntax; check the manual that corresponds to your MariaDB server version for the right syntax to use near ':id LIMIT 1' at line 1 in C:\xampp\htdocs\topupweb\profile.php:25
Stack trace:
#0 C:\xampp\htdocs\topupweb\profile.php(25): mysqli->prepare('SELECT id,nama,...')
#1 {main}
  thrown in C:\xampp\htdocs\topupweb\profile.php on line 25
[18-Sep-2025 07:20:32 Europe/Berlin] PHP Fatal error:  Uncaught mysqli_sql_exception: You have an error in your SQL syntax; check the manual that corresponds to your MariaDB server version for the right syntax to use near ':id LIMIT 1' at line 1 in C:\xampp\htdocs\topupweb\profile.php:25
Stack trace:
#0 C:\xampp\htdocs\topupweb\profile.php(25): mysqli->prepare('SELECT id,nama,...')
#1 {main}
  thrown in C:\xampp\htdocs\topupweb\profile.php on line 25
[18-Sep-2025 07:20:34 Europe/Berlin] PHP Fatal error:  Uncaught mysqli_sql_exception: You have an error in your SQL syntax; check the manual that corresponds to your MariaDB server version for the right syntax to use near ':id LIMIT 1' at line 1 in C:\xampp\htdocs\topupweb\profile.php:25
Stack trace:
#0 C:\xampp\htdocs\topupweb\profile.php(25): mysqli->prepare('SELECT id,nama,...')
#1 {main}
  thrown in C:\xampp\htdocs\topupweb\profile.php on line 25
[18-Sep-2025 07:21:36 Europe/Berlin] PHP Fatal error:  Uncaught mysqli_sql_exception: You have an error in your SQL syntax; check the manual that corresponds to your MariaDB server version for the right syntax to use near ':id LIMIT 1' at line 1 in C:\xampp\htdocs\topupweb\profile.php:25
Stack trace:
#0 C:\xampp\htdocs\topupweb\profile.php(25): mysqli->prepare('SELECT id,nama,...')
#1 {main}
  thrown in C:\xampp\htdocs\topupweb\profile.php on line 25
[18-Sep-2025 07:21:36 Europe/Berlin] PHP Fatal error:  Uncaught mysqli_sql_exception: You have an error in your SQL syntax; check the manual that corresponds to your MariaDB server version for the right syntax to use near ':id LIMIT 1' at line 1 in C:\xampp\htdocs\topupweb\profile.php:25
Stack trace:
#0 C:\xampp\htdocs\topupweb\profile.php(25): mysqli->prepare('SELECT id,nama,...')
#1 {main}
  thrown in C:\xampp\htdocs\topupweb\profile.php on line 25
[18-Sep-2025 07:21:38 Europe/Berlin] PHP Fatal error:  Uncaught mysqli_sql_exception: You have an error in your SQL syntax; check the manual that corresponds to your MariaDB server version for the right syntax to use near ':id LIMIT 1' at line 1 in C:\xampp\htdocs\topupweb\profile.php:25
Stack trace:
#0 C:\xampp\htdocs\topupweb\profile.php(25): mysqli->prepare('SELECT id,nama,...')
#1 {main}
  thrown in C:\xampp\htdocs\topupweb\profile.php on line 25
[18-Sep-2025 07:22:16 Europe/Berlin] PHP Fatal error:  Uncaught mysqli_sql_exception: You have an error in your SQL syntax; check the manual that corresponds to your MariaDB server version for the right syntax to use near ':id LIMIT 1' at line 1 in C:\xampp\htdocs\topupweb\profile.php:25
Stack trace:
#0 C:\xampp\htdocs\topupweb\profile.php(25): mysqli->prepare('SELECT id,nama,...')
#1 {main}
  thrown in C:\xampp\htdocs\topupweb\profile.php on line 25
[18-Sep-2025 07:22:16 Europe/Berlin] PHP Fatal error:  Uncaught mysqli_sql_exception: You have an error in your SQL syntax; check the manual that corresponds to your MariaDB server version for the right syntax to use near ':id LIMIT 1' at line 1 in C:\xampp\htdocs\topupweb\profile.php:25
Stack trace:
#0 C:\xampp\htdocs\topupweb\profile.php(25): mysqli->prepare('SELECT id,nama,...')
#1 {main}
  thrown in C:\xampp\htdocs\topupweb\profile.php on line 25
[18-Sep-2025 07:22:20 Europe/Berlin] PHP Fatal error:  Uncaught mysqli_sql_exception: You have an error in your SQL syntax; check the manual that corresponds to your MariaDB server version for the right syntax to use near ':id LIMIT 1' at line 1 in C:\xampp\htdocs\topupweb\profile.php:25
Stack trace:
#0 C:\xampp\htdocs\topupweb\profile.php(25): mysqli->prepare('SELECT id,nama,...')
#1 {main}
  thrown in C:\xampp\htdocs\topupweb\profile.php on line 25
[25-Sep-2025 14:59:27 Europe/Berlin] PHP Fatal error:  Uncaught mysqli_sql_exception: You have an error in your SQL syntax; check the manual that corresponds to your MariaDB server version for the right syntax to use near 'LIMIT 1' at line 1 in C:\xampp\htdocs\topupweb\profile.php:25
Stack trace:
#0 C:\xampp\htdocs\topupweb\profile.php(25): mysqli->prepare('SELECT id,nama,...')
#1 {main}
  thrown in C:\xampp\htdocs\topupweb\profile.php on line 25
[25-Sep-2025 14:59:29 Europe/Berlin] PHP Fatal error:  Uncaught mysqli_sql_exception: You have an error in your SQL syntax; check the manual that corresponds to your MariaDB server version for the right syntax to use near 'LIMIT 1' at line 1 in C:\xampp\htdocs\topupweb\profile.php:25
Stack trace:
#0 C:\xampp\htdocs\topupweb\profile.php(25): mysqli->prepare('SELECT id,nama,...')
#1 {main}
  thrown in C:\xampp\htdocs\topupweb\profile.php on line 25
[25-Sep-2025 14:59:30 Europe/Berlin] PHP Fatal error:  Uncaught mysqli_sql_exception: You have an error in your SQL syntax; check the manual that corresponds to your MariaDB server version for the right syntax to use near 'LIMIT 1' at line 1 in C:\xampp\htdocs\topupweb\profile.php:25
Stack trace:
#0 C:\xampp\htdocs\topupweb\profile.php(25): mysqli->prepare('SELECT id,nama,...')
#1 {main}
  thrown in C:\xampp\htdocs\topupweb\profile.php on line 25
[25-Sep-2025 14:59:31 Europe/Berlin] PHP Fatal error:  Uncaught mysqli_sql_exception: You have an error in your SQL syntax; check the manual that corresponds to your MariaDB server version for the right syntax to use near 'LIMIT 1' at line 1 in C:\xampp\htdocs\topupweb\profile.php:25
Stack trace:
#0 C:\xampp\htdocs\topupweb\profile.php(25): mysqli->prepare('SELECT id,nama,...')
#1 {main}
  thrown in C:\xampp\htdocs\topupweb\profile.php on line 25
[25-Sep-2025 14:59:31 Europe/Berlin] PHP Fatal error:  Uncaught mysqli_sql_exception: You have an error in your SQL syntax; check the manual that corresponds to your MariaDB server version for the right syntax to use near 'LIMIT 1' at line 1 in C:\xampp\htdocs\topupweb\profile.php:25
Stack trace:
#0 C:\xampp\htdocs\topupweb\profile.php(25): mysqli->prepare('SELECT id,nama,...')
#1 {main}
  thrown in C:\xampp\htdocs\topupweb\profile.php on line 25
[28-Sep-2025 04:39:47 Europe/Berlin] PHP Fatal error:  Uncaught mysqli_sql_exception: You have an error in your SQL syntax; check the manual that corresponds to your MariaDB server version for the right syntax to use near 'LIMIT 1' at line 1 in C:\xampp\htdocs\topupweb\profile.php:25
Stack trace:
#0 C:\xampp\htdocs\topupweb\profile.php(25): mysqli->prepare('SELECT id,nama,...')
#1 {main}
  thrown in C:\xampp\htdocs\topupweb\profile.php on line 25
[28-Sep-2025 04:43:34 Europe/Berlin] PHP Fatal error:  Uncaught mysqli_sql_exception: You have an error in your SQL syntax; check the manual that corresponds to your MariaDB server version for the right syntax to use near 'LIMIT 1' at line 1 in C:\xampp\htdocs\topupweb\profile.php:25
Stack trace:
#0 C:\xampp\htdocs\topupweb\profile.php(25): mysqli->prepare('SELECT id,nama,...')
#1 {main}
  thrown in C:\xampp\htdocs\topupweb\profile.php on line 25
[28-Sep-2025 05:01:45 Europe/Berlin] PHP Fatal error:  Uncaught mysqli_sql_exception: You have an error in your SQL syntax; check the manual that corresponds to your MariaDB server version for the right syntax to use near 'LIMIT 1' at line 1 in C:\xampp\htdocs\topupweb\profile.php:25
Stack trace:
#0 C:\xampp\htdocs\topupweb\profile.php(25): mysqli->prepare('SELECT id,nama,...')
#1 {main}
  thrown in C:\xampp\htdocs\topupweb\profile.php on line 25
[16-Oct-2025 10:51:36 Europe/Berlin] PHP Fatal error:  Uncaught mysqli_sql_exception: Lock wait timeout exceeded; try restarting transaction in C:\xampp\htdocs\topupweb\forgot_password.php:42
Stack trace:
#0 C:\xampp\htdocs\topupweb\forgot_password.php(42): mysqli_stmt->execute()
#1 {main}
  thrown in C:\xampp\htdocs\topupweb\forgot_password.php on line 42
[16-Oct-2025 10:57:04 Europe/Berlin] PHP Fatal error:  Maximum execution time of 120 seconds exceeded in Unknown on line 0
